{"uuid":"246d45cb-a665-4293-b73c-3604fab24672","historyId":"ee171a6718fa08f6be7f11fb1c08060f","fullName":"src/test/resources/CucumberFeatures/Create_course.feature:68","labels":[{"name":"host","value":"Vinay-PC"},{"name":"thread","value":"4568@Vinay-PC.main(1)"},{"name":"feature","value":"Course Creation"},{"name":"story","value":"Create a course by entering all details"},{"name":"suite","value":"Course Creation"},{"name":"testClass","value":"Create a course by entering all details"},{"name":"framework","value":"cucumber4jvm"},{"name":"language","value":"java"},{"name":"gherkin_uri","value":"file:///C:/Users/Vinay/git/Upskhill/Upskhill/src/test/resources/CucumberFeatures/Create_course.feature"},{"name":"package","value":"src.test.resources.CucumberFeatures.Create_course_feature.Course Creation"}],"links":[],"name":"Create a course by entering all details","status":"broken","statusDetails":{"known":false,"muted":false,"flaky":false,"message":"invalid argument\n  (Session info: chrome=109.0.5414.120)\nBuild info: version: '4.16.1', revision: '9b4c83354e'\nSystem info: os.name: 'Windows 7', os.arch: 'amd64', os.version: '6.1', java.version: '17.0.9'\nDriver info: org.openqa.selenium.chrome.ChromeDriver\nCommand: [87c734ad6e1ae1a589820ea83a531341, clickElement {id=067cfade-ad55-4f56-a0c5-d312489001d4}]\nCapabilities {acceptInsecureCerts: false, browserName: chrome, browserVersion: 109.0.5414.120, chrome: {chromedriverVersion: 109.0.5414.74 (e7c5703604da..., userDataDir: C:\\Users\\Vinay\\AppData\\Loca...}, goog:chromeOptions: {debuggerAddress: localhost:62882}, networkConnectionEnabled: false, pageLoadStrategy: normal, platformName: windows, proxy: Proxy(), se:cdp: ws://localhost:62882/devtoo..., se:cdpVersion: 109.0.5414.120, setWindowRect: true, strictFileInteractability: false, timeouts: {implicit: 0, pageLoad: 300000, script: 30000}, unhandledPromptBehavior: dismiss and notify, webauthn:extension:credBlob: true, webauthn:extension:largeBlob: true, webauthn:virtualAuthenticators: true}\nElement: [[ChromeDriver: chrome on windows (87c734ad6e1ae1a589820ea83a531341)] -> xpath: //div[@class='border-padding py-3 px-4']/div[7]//div[@class='input-group mb-3']/input]\nSession ID: 87c734ad6e1ae1a589820ea83a531341","trace":"org.openqa.selenium.InvalidArgumentException: invalid argument\n  (Session info: chrome=109.0.5414.120)\nBuild info: version: '4.16.1', revision: '9b4c83354e'\nSystem info: os.name: 'Windows 7', os.arch: 'amd64', os.version: '6.1', java.version: '17.0.9'\nDriver info: org.openqa.selenium.chrome.ChromeDriver\nCommand: [87c734ad6e1ae1a589820ea83a531341, clickElement {id=067cfade-ad55-4f56-a0c5-d312489001d4}]\nCapabilities {acceptInsecureCerts: false, browserName: chrome, browserVersion: 109.0.5414.120, chrome: {chromedriverVersion: 109.0.5414.74 (e7c5703604da..., userDataDir: C:\\Users\\Vinay\\AppData\\Loca...}, goog:chromeOptions: {debuggerAddress: localhost:62882}, networkConnectionEnabled: false, pageLoadStrategy: normal, platformName: windows, proxy: Proxy(), se:cdp: ws://localhost:62882/devtoo..., se:cdpVersion: 109.0.5414.120, setWindowRect: true, strictFileInteractability: false, timeouts: {implicit: 0, pageLoad: 300000, script: 30000}, unhandledPromptBehavior: dismiss and notify, webauthn:extension:credBlob: true, webauthn:extension:largeBlob: true, webauthn:virtualAuthenticators: true}\nElement: [[ChromeDriver: chrome on windows (87c734ad6e1ae1a589820ea83a531341)] -> xpath: //div[@class='border-padding py-3 px-4']/div[7]//div[@class='input-group mb-3']/input]\nSession ID: 87c734ad6e1ae1a589820ea83a531341\r\n\tat java.base/jdk.internal.reflect.NativeConstructorAccessorImpl.newInstance0(Native Method)\r\n\tat java.base/jdk.internal.reflect.NativeConstructorAccessorImpl.newInstance(NativeConstructorAccessorImpl.java:77)\r\n\tat java.base/jdk.internal.reflect.DelegatingConstructorAccessorImpl.newInstance(DelegatingConstructorAccessorImpl.java:45)\r\n\tat java.base/java.lang.reflect.Constructor.newInstanceWithCaller(Constructor.java:499)\r\n\tat java.base/java.lang.reflect.Constructor.newInstance(Constructor.java:480)\r\n\tat org.openqa.selenium.remote.codec.w3c.W3CHttpResponseCodec.createException(W3CHttpResponseCodec.java:200)\r\n\tat org.openqa.selenium.remote.codec.w3c.W3CHttpResponseCodec.decode(W3CHttpResponseCodec.java:133)\r\n\tat org.openqa.selenium.remote.codec.w3c.W3CHttpResponseCodec.decode(W3CHttpResponseCodec.java:52)\r\n\tat org.openqa.selenium.remote.HttpCommandExecutor.execute(HttpCommandExecutor.java:191)\r\n\tat org.openqa.selenium.remote.service.DriverCommandExecutor.invokeExecute(DriverCommandExecutor.java:200)\r\n\tat org.openqa.selenium.remote.service.DriverCommandExecutor.execute(DriverCommandExecutor.java:175)\r\n\tat org.openqa.selenium.remote.RemoteWebDriver.execute(RemoteWebDriver.java:523)\r\n\tat org.openqa.selenium.remote.RemoteWebElement.execute(RemoteWebElement.java:224)\r\n\tat org.openqa.selenium.remote.RemoteWebElement.click(RemoteWebElement.java:77)\r\n\tat jdk.internal.reflect.GeneratedMethodAccessor4.invoke(Unknown Source)\r\n\tat java.base/jdk.internal.reflect.DelegatingMethodAccessorImpl.invoke(DelegatingMethodAccessorImpl.java:43)\r\n\tat java.base/java.lang.reflect.Method.invoke(Method.java:568)\r\n\tat org.openqa.selenium.support.pagefactory.internal.LocatingElementHandler.invoke(LocatingElementHandler.java:51)\r\n\tat jdk.proxy2/jdk.proxy2.$Proxy25.click(Unknown Source)\r\n\tat VinayKumar.Pageobjects.Instructor_create_course.upload_crs_video(Instructor_create_course.java:919)\r\n\tat CucumberDefinitions.Ins_create_course.adds_basic_info_which_includes_language_course_type_difficulty_level_category_sub_category1_and_sub_category2(Ins_create_course.java:423)\r\n\tat ✽.Adds Basic info which includes language \"English\", course type \"Corporate Course\", Difficulty level \"Beginner level\", Category \"Computer Science\", sub category1 \"Software Development\" and sub category2 \"Web Development\"(file:///C:/Users/Vinay/git/Upskhill/Upskhill/src/test/resources/CucumberFeatures/Create_course.feature:62)\r\n"},"stage":"finished","steps":[{"name":"Given  go to user","status":"passed","statusDetails":{"known":false,"muted":false,"flaky":false},"stage":"finished","steps":[],"attachments":[],"parameters":[],"start":1711455882727,"stop":1711455885196},{"name":"When  login to user application with valid username vinaykumarap.16is@saividya.ac.in and password Vinay76765@","status":"passed","statusDetails":{"known":false,"muted":false,"flaky":false},"stage":"finished","steps":[],"attachments":[],"parameters":[],"start":1711455885198,"stop":1711455885791},{"name":"And  Enter working title of instructor Automation test engineer","status":"passed","statusDetails":{"known":false,"muted":false,"flaky":false},"stage":"finished","steps":[],"attachments":[],"parameters":[],"start":1711455885791,"stop":1711455888340},{"name":"And  Enter Intended learners page with outcomes success, good , better and great","status":"passed","statusDetails":{"known":false,"muted":false,"flaky":false},"stage":"finished","steps":[],"attachments":[],"parameters":[],"start":1711455888340,"stop":1711455889177},{"name":"And  Select requirements needed for learners","status":"passed","statusDetails":{"known":false,"muted":false,"flaky":false},"stage":"finished","steps":[],"attachments":[],"parameters":[],"start":1711455889177,"stop":1711455889643},{"name":"And  Select any one of the learner level 0","status":"passed","statusDetails":{"known":false,"muted":false,"flaky":false},"stage":"finished","steps":[],"attachments":[],"parameters":[],"start":1711455889644,"stop":1711455889966},{"name":"And  Skip course structure, setup video and edit film screens","status":"passed","statusDetails":{"known":false,"muted":false,"flaky":false},"stage":"finished","steps":[],"attachments":[],"parameters":[],"start":1711455889967,"stop":1711455890747},{"name":"And  Add module one with marks 100 ,module marks 34 , Description \"Module one\" and  module name \"Module one\"","status":"passed","statusDetails":{"known":false,"muted":false,"flaky":false},"stage":"finished","steps":[],"attachments":[],"parameters":[],"start":1711455890748,"stop":1711455891894},{"name":"And  Add lesson contents1 with lesson name \"lesson_one\", lesson description \"lesson_one\" and save it","status":"passed","statusDetails":{"known":false,"muted":false,"flaky":false},"stage":"finished","steps":[],"attachments":[],"parameters":[],"start":1711455891894,"stop":1711455894870},{"name":"And  Add video with video title \"video_title\" and video path \"Video_path\"","status":"passed","statusDetails":{"known":false,"muted":false,"flaky":false},"stage":"finished","steps":[],"attachments":[],"parameters":[],"start":1711455894871,"stop":1711455897000},{"name":"And  Add audio with audio title \"audio_title\" and audio path \"audio_path\"","status":"passed","statusDetails":{"known":false,"muted":false,"flaky":false},"stage":"finished","steps":[],"attachments":[],"parameters":[],"start":1711455897000,"stop":1711455910397},{"name":"And  Add article with article title \"article_title\", article description \"article_desc\" and with article path\"article_path\"","status":"passed","statusDetails":{"known":false,"muted":false,"flaky":false},"stage":"finished","steps":[],"attachments":[],"parameters":[],"start":1711455910397,"stop":1711455916990},{"name":"And  Add Quiz with quiz title \"quiz_title\", quiz description \"quiz_desc\", quiz marks 50 and Duration of quiz timings 15","status":"passed","statusDetails":{"known":false,"muted":false,"flaky":false},"stage":"finished","steps":[],"attachments":[],"parameters":[],"start":1711455916990,"stop":1711455918550},{"name":"And  Add Quiz question one1 with question \"Question\", options, reasons \"option_one\", \"reason_one\", \"option_two\", \"reason_two\", \"option three\", \"reason_three\", \"option_four\", \"reason_four\" and select correct answer 0","status":"passed","statusDetails":{"known":false,"muted":false,"flaky":false},"stage":"finished","steps":[],"attachments":[],"parameters":[],"start":1711455918551,"stop":1711455926360},{"name":"And  Add Quiz question two1 with question \"Question\", options, reasons \"option_one\", \"reason_one\", \"option_two\", \"reason_two\", \"option three\", \"reason_three\", \"option_four\", \"reason_four\" and select correct answer 1","status":"passed","statusDetails":{"known":false,"muted":false,"flaky":false},"stage":"finished","steps":[],"attachments":[],"parameters":[],"start":1711455926360,"stop":1711455932887},{"name":"And  Add Quiz question three1 with question \"Question\", options, reasons \"option_one\", \"reason_one\", \"option_two\", \"reason_two\", \"option three\", \"reason_three\", \"option_four\", \"reason_four\" and select correct answer 2","status":"passed","statusDetails":{"known":false,"muted":false,"flaky":false},"stage":"finished","steps":[],"attachments":[],"parameters":[],"start":1711455932887,"stop":1711455939394},{"name":"And  Add Quiz question four1 with question \"Question\", options, reasons \"option_one\", \"reason_one\", \"option_two\", \"reason_two\", \"option three\", \"reason_three\", \"option_four\", \"reason_four\" and select correct answer 3","status":"passed","statusDetails":{"known":false,"muted":false,"flaky":false},"stage":"finished","steps":[],"attachments":[],"parameters":[],"start":1711455939395,"stop":1711455945827},{"name":"And  Add Assignment with assignment title \"Assignment one\", assignment description \"Assignment one\", assignment marks 50 and assignment time 15","status":"passed","statusDetails":{"known":false,"muted":false,"flaky":false},"stage":"finished","steps":[],"attachments":[],"parameters":[],"start":1711455945827,"stop":1711455947283},{"name":"And  Add Assignment instructions \"instructions\" and instructions file \"C:\\Users\\admin\\Desktop\\Upskhill\\contents\\Article1.pdf\"","status":"passed","statusDetails":{"known":false,"muted":false,"flaky":false},"stage":"finished","steps":[],"attachments":[],"parameters":[],"start":1711455947285,"stop":1711455950981},{"name":"And  Add Assignment questions with assignment questions 4, and questions, wordcount \"Question one\", 10, \"Question two\", 20, \"Question three\", 30, \"Question four\", 40","status":"passed","statusDetails":{"known":false,"muted":false,"flaky":false},"stage":"finished","steps":[],"attachments":[],"parameters":[],"start":1711455950981,"stop":1711455970154},{"name":"And  Add module two with title \"Module two\", Description \"Module two\", marks 34","status":"passed","statusDetails":{"known":false,"muted":false,"flaky":false},"stage":"finished","steps":[],"attachments":[],"parameters":[],"start":1711455970154,"stop":1711455976269},{"name":"And  Add lesson contents2 with lesson name \"lesson_two\", lesson description \"lesson_two\" and save it","status":"passed","statusDetails":{"known":false,"muted":false,"flaky":false},"stage":"finished","steps":[],"attachments":[],"parameters":[],"start":1711455976269,"stop":1711455977689},{"name":"And  Add video two with video title \"video_two\" and video path \"video_path_two\"","status":"passed","statusDetails":{"known":false,"muted":false,"flaky":false},"stage":"finished","steps":[],"attachments":[],"parameters":[],"start":1711455977690,"stop":1711455979805},{"name":"And  Add audio two with audio title \"audio_two\" and audio path \"audio_path_two\"","status":"passed","statusDetails":{"known":false,"muted":false,"flaky":false},"stage":"finished","steps":[],"attachments":[],"parameters":[],"start":1711455979805,"stop":1711455994013},{"name":"And  Add article two with article title \"article_title\", article description \"article_desc\" and with article path\"article_path\"","status":"passed","statusDetails":{"known":false,"muted":false,"flaky":false},"stage":"finished","steps":[],"attachments":[],"parameters":[],"start":1711455994013,"stop":1711456000491},{"name":"And  Add Quiz two with quiz title \"quiz_title\", quiz description \"quiz_desc\", quiz_marks 50 and duration of quiz timings 15","status":"passed","statusDetails":{"known":false,"muted":false,"flaky":false},"stage":"finished","steps":[],"attachments":[],"parameters":[],"start":1711456000491,"stop":1711456002083},{"name":"And  Add Quiz question one2 with \"Question\", options, reasons \"option_one\", \"reason_one\", \"option_two\", \"reason_two\", \"option_three\", \"reason_three\", \"option_four\", \"reason_four\" and select correct answer 0","status":"passed","statusDetails":{"known":false,"muted":false,"flaky":false},"stage":"finished","steps":[],"attachments":[],"parameters":[],"start":1711456002083,"stop":1711456009852},{"name":"And  Add Quiz question two2 with \"Question\", options, reasons \"option_one\", \"reason_one\", \"option_two\", \"reason_two\", \"option_three\", \"reason_three\", \"option_four\", \"reason_four\" and select correct answer 1","status":"passed","statusDetails":{"known":false,"muted":false,"flaky":false},"stage":"finished","steps":[],"attachments":[],"parameters":[],"start":1711456009853,"stop":1711456016307},{"name":"And  Add Quiz question three2 with \"Question\", options, reasons \"option_one\", \"reason_one\", \"option_two\", \"reason_two\", \"option_three\", \"reason_three\", \"option_four\", \"reason_four\" and select correct answer 2","status":"passed","statusDetails":{"known":false,"muted":false,"flaky":false},"stage":"finished","steps":[],"attachments":[],"parameters":[],"start":1711456016307,"stop":1711456023158},{"name":"And  Add Quiz question four2 with \"Question\", options, reasons \"option_one\", \"reason_one\", \"option_two\", \"reason_two\", \"option_three\", \"reason_three\", \"option_four\", \"reason_four\" and select correct answer 3","status":"passed","statusDetails":{"known":false,"muted":false,"flaky":false},"stage":"finished","steps":[],"attachments":[],"parameters":[],"start":1711456023158,"stop":1711456029305},{"name":"And  Add Assignment two with assignment title \"Assignment two\", assignment description \"Assignment two\", assignment marks 50 and assignment time 15","status":"passed","statusDetails":{"known":false,"muted":false,"flaky":false},"stage":"finished","steps":[],"attachments":[],"parameters":[],"start":1711456029305,"stop":1711456031119},{"name":"And  Add Assignment two instructions \"instructions\" and instructions file \"C:\\Users\\admin\\Desktop\\Upskhill\\contents\\Article1.pdf\"","status":"passed","statusDetails":{"known":false,"muted":false,"flaky":false},"stage":"finished","steps":[],"attachments":[],"parameters":[],"start":1711456031119,"stop":1711456035061},{"name":"And  Add Assignment two questions with assignment two questions 4, and questions, wordcount \"Question one\", 10, \"Question two\", 20, \"Question three\", 30, \"Question four\", 40","status":"passed","statusDetails":{"known":false,"muted":false,"flaky":false},"stage":"finished","steps":[],"attachments":[],"parameters":[],"start":1711456035061,"stop":1711456063822},{"name":"And  Add Module three with title \"Module three\", Description \"Module three\", marks 32","status":"passed","statusDetails":{"known":false,"muted":false,"flaky":false},"stage":"finished","steps":[],"attachments":[],"parameters":[],"start":1711456063822,"stop":1711456067094},{"name":"And  Add lesson contents3 with lesson name \"lesson_three\", lesson description \"lesson_three\" and save it","status":"passed","statusDetails":{"known":false,"muted":false,"flaky":false},"stage":"finished","steps":[],"attachments":[],"parameters":[],"start":1711456067094,"stop":1711456068392},{"name":"And  Add video three with video title \"video_three\" and video path \"video_path_three\"","status":"passed","statusDetails":{"known":false,"muted":false,"flaky":false},"stage":"finished","steps":[],"attachments":[],"parameters":[],"start":1711456068392,"stop":1711456070568},{"name":"And  Add audio three with audio title \"audio_three\" and audio path \"audio_path_three\"","status":"passed","statusDetails":{"known":false,"muted":false,"flaky":false},"stage":"finished","steps":[],"attachments":[],"parameters":[],"start":1711456070568,"stop":1711456076257},{"name":"And  Add article three with article title \"article_title\", article description \"article_desc\" and with \"article_path\"","status":"passed","statusDetails":{"known":false,"muted":false,"flaky":false},"stage":"finished","steps":[],"attachments":[],"parameters":[],"start":1711456076258,"stop":1711456082439},{"name":"And  Add Quiz three with quiz title \"quiz_title\", quiz description \"quiz_description\", quiz_marks 50 and duration of quiz timings 15","status":"passed","statusDetails":{"known":false,"muted":false,"flaky":false},"stage":"finished","steps":[],"attachments":[],"parameters":[],"start":1711456082439,"stop":1711456084118},{"name":"And  Add Quiz question one3 with \"Question\", options, reasons \"option_one\", \"reason_one\", \"option_two\", \"reason_two\", \"option_three\", \"reason_three\", \"option_four\", \"reason_four\" and select correct answer 0","status":"passed","statusDetails":{"known":false,"muted":false,"flaky":false},"stage":"finished","steps":[],"attachments":[],"parameters":[],"start":1711456084119,"stop":1711456092218},{"name":"And  Add Quiz question two3 with \"Question\", options, reasons \"option_one\", \"reason_one\", \"option_two\", \"reason_two\", \"option_three\", \"reason_three\", \"option_four\", \"reason_four\" and select correct answer 1","status":"passed","statusDetails":{"known":false,"muted":false,"flaky":false},"stage":"finished","steps":[],"attachments":[],"parameters":[],"start":1711456092218,"stop":1711456098723},{"name":"And  Add Quiz question three3 with \"Question\", options, reasons \"option_one\", \"reason_one\", \"option_two\", \"reason_two\", \"option_three\", \"reason_three\", \"option_four\", \"reason_four\" and select correct answer 2","status":"passed","statusDetails":{"known":false,"muted":false,"flaky":false},"stage":"finished","steps":[],"attachments":[],"parameters":[],"start":1711456098724,"stop":1711456105038},{"name":"And  Add Quiz question four3 with \"Question\", options, reasons \"option_one\", \"reason_one\", \"option_two\", \"reason_two\", \"option_three\", \"reason_three\", \"option_four\", \"reason_four\" and select correct answer 3","status":"passed","statusDetails":{"known":false,"muted":false,"flaky":false},"stage":"finished","steps":[],"attachments":[],"parameters":[],"start":1711456105038,"stop":1711456111858},{"name":"And  Add Assignment three with assignment title \"Assignment two\", assignment description \"Assignment two\", assignment marks 50 and assignment time 15","status":"passed","statusDetails":{"known":false,"muted":false,"flaky":false},"stage":"finished","steps":[],"attachments":[],"parameters":[],"start":1711456111858,"stop":1711456114554},{"name":"And  Add Assignment three instructions \"instructions\" and instructions file \"C:\\Users\\admin\\Desktop\\Upskhill\\contents\\Article1.pdf\"","status":"passed","statusDetails":{"known":false,"muted":false,"flaky":false},"stage":"finished","steps":[],"attachments":[],"parameters":[],"start":1711456114554,"stop":1711456119085},{"name":"And  Add Assignment three questions with assignment two questions 4, and questions, wordcount \"Question one\", 10, \"Question two\", 20, \"Question three\", 30, \"Question four\", 40","status":"passed","statusDetails":{"known":false,"muted":false,"flaky":false},"stage":"finished","steps":[],"attachments":[],"parameters":[],"start":1711456119085,"stop":1711456140252},{"name":"Given  User in course landing page","status":"passed","statusDetails":{"known":false,"muted":false,"flaky":false},"stage":"finished","steps":[],"attachments":[],"parameters":[],"start":1711456140253,"stop":1711456140737},{"name":"Then  Adds course title \"Automation course\", course subtitle \"Automation course for beginners\" and description \"Have a Passion of learning Selenium but have no coding knowledge ? I will fulfill your wish with my easy teaching and life time query support  through QA Forum , Skype and Teamviewer\"","status":"passed","statusDetails":{"known":false,"muted":false,"flaky":false},"stage":"finished","steps":[],"attachments":[],"parameters":[],"start":1711456140737,"stop":1711456143083},{"name":"And  Adds Basic info which includes language \"English\", course type \"Corporate Course\", Difficulty level \"Beginner level\", Category \"Computer Science\", sub category1 \"Software Development\" and sub category2 \"Web Development\"","status":"broken","statusDetails":{"known":false,"muted":false,"flaky":false,"message":"invalid argument\n  (Session info: chrome=109.0.5414.120)\nBuild info: version: '4.16.1', revision: '9b4c83354e'\nSystem info: os.name: 'Windows 7', os.arch: 'amd64', os.version: '6.1', java.version: '17.0.9'\nDriver info: org.openqa.selenium.chrome.ChromeDriver\nCommand: [87c734ad6e1ae1a589820ea83a531341, clickElement {id=067cfade-ad55-4f56-a0c5-d312489001d4}]\nCapabilities {acceptInsecureCerts: false, browserName: chrome, browserVersion: 109.0.5414.120, chrome: {chromedriverVersion: 109.0.5414.74 (e7c5703604da..., userDataDir: C:\\Users\\Vinay\\AppData\\Loca...}, goog:chromeOptions: {debuggerAddress: localhost:62882}, networkConnectionEnabled: false, pageLoadStrategy: normal, platformName: windows, proxy: Proxy(), se:cdp: ws://localhost:62882/devtoo..., se:cdpVersion: 109.0.5414.120, setWindowRect: true, strictFileInteractability: false, timeouts: {implicit: 0, pageLoad: 300000, script: 30000}, unhandledPromptBehavior: dismiss and notify, webauthn:extension:credBlob: true, webauthn:extension:largeBlob: true, webauthn:virtualAuthenticators: true}\nElement: [[ChromeDriver: chrome on windows (87c734ad6e1ae1a589820ea83a531341)] -> xpath: //div[@class='border-padding py-3 px-4']/div[7]//div[@class='input-group mb-3']/input]\nSession ID: 87c734ad6e1ae1a589820ea83a531341","trace":"org.openqa.selenium.InvalidArgumentException: invalid argument\n  (Session info: chrome=109.0.5414.120)\nBuild info: version: '4.16.1', revision: '9b4c83354e'\nSystem info: os.name: 'Windows 7', os.arch: 'amd64', os.version: '6.1', java.version: '17.0.9'\nDriver info: org.openqa.selenium.chrome.ChromeDriver\nCommand: [87c734ad6e1ae1a589820ea83a531341, clickElement {id=067cfade-ad55-4f56-a0c5-d312489001d4}]\nCapabilities {acceptInsecureCerts: false, browserName: chrome, browserVersion: 109.0.5414.120, chrome: {chromedriverVersion: 109.0.5414.74 (e7c5703604da..., userDataDir: C:\\Users\\Vinay\\AppData\\Loca...}, goog:chromeOptions: {debuggerAddress: localhost:62882}, networkConnectionEnabled: false, pageLoadStrategy: normal, platformName: windows, proxy: Proxy(), se:cdp: ws://localhost:62882/devtoo..., se:cdpVersion: 109.0.5414.120, setWindowRect: true, strictFileInteractability: false, timeouts: {implicit: 0, pageLoad: 300000, script: 30000}, unhandledPromptBehavior: dismiss and notify, webauthn:extension:credBlob: true, webauthn:extension:largeBlob: true, webauthn:virtualAuthenticators: true}\nElement: [[ChromeDriver: chrome on windows (87c734ad6e1ae1a589820ea83a531341)] -> xpath: //div[@class='border-padding py-3 px-4']/div[7]//div[@class='input-group mb-3']/input]\nSession ID: 87c734ad6e1ae1a589820ea83a531341\r\n\tat java.base/jdk.internal.reflect.NativeConstructorAccessorImpl.newInstance0(Native Method)\r\n\tat java.base/jdk.internal.reflect.NativeConstructorAccessorImpl.newInstance(NativeConstructorAccessorImpl.java:77)\r\n\tat java.base/jdk.internal.reflect.DelegatingConstructorAccessorImpl.newInstance(DelegatingConstructorAccessorImpl.java:45)\r\n\tat java.base/java.lang.reflect.Constructor.newInstanceWithCaller(Constructor.java:499)\r\n\tat java.base/java.lang.reflect.Constructor.newInstance(Constructor.java:480)\r\n\tat org.openqa.selenium.remote.codec.w3c.W3CHttpResponseCodec.createException(W3CHttpResponseCodec.java:200)\r\n\tat org.openqa.selenium.remote.codec.w3c.W3CHttpResponseCodec.decode(W3CHttpResponseCodec.java:133)\r\n\tat org.openqa.selenium.remote.codec.w3c.W3CHttpResponseCodec.decode(W3CHttpResponseCodec.java:52)\r\n\tat org.openqa.selenium.remote.HttpCommandExecutor.execute(HttpCommandExecutor.java:191)\r\n\tat org.openqa.selenium.remote.service.DriverCommandExecutor.invokeExecute(DriverCommandExecutor.java:200)\r\n\tat org.openqa.selenium.remote.service.DriverCommandExecutor.execute(DriverCommandExecutor.java:175)\r\n\tat org.openqa.selenium.remote.RemoteWebDriver.execute(RemoteWebDriver.java:523)\r\n\tat org.openqa.selenium.remote.RemoteWebElement.execute(RemoteWebElement.java:224)\r\n\tat org.openqa.selenium.remote.RemoteWebElement.click(RemoteWebElement.java:77)\r\n\tat jdk.internal.reflect.GeneratedMethodAccessor4.invoke(Unknown Source)\r\n\tat java.base/jdk.internal.reflect.DelegatingMethodAccessorImpl.invoke(DelegatingMethodAccessorImpl.java:43)\r\n\tat java.base/java.lang.reflect.Method.invoke(Method.java:568)\r\n\tat org.openqa.selenium.support.pagefactory.internal.LocatingElementHandler.invoke(LocatingElementHandler.java:51)\r\n\tat jdk.proxy2/jdk.proxy2.$Proxy25.click(Unknown Source)\r\n\tat VinayKumar.Pageobjects.Instructor_create_course.upload_crs_video(Instructor_create_course.java:919)\r\n\tat CucumberDefinitions.Ins_create_course.adds_basic_info_which_includes_language_course_type_difficulty_level_category_sub_category1_and_sub_category2(Ins_create_course.java:423)\r\n\tat ✽.Adds Basic info which includes language \"English\", course type \"Corporate Course\", Difficulty level \"Beginner level\", Category \"Computer Science\", sub category1 \"Software Development\" and sub category2 \"Web Development\"(file:///C:/Users/Vinay/git/Upskhill/Upskhill/src/test/resources/CucumberFeatures/Create_course.feature:62)\r\n"},"stage":"finished","steps":[],"attachments":[],"parameters":[],"start":1711456143083,"stop":1711456144936}],"attachments":[],"parameters":[{"name":"outcome1","value":"success"},{"name":"outcome2","value":"good"},{"name":"outcome3","value":"better"},{"name":"outcome4","value":"great"},{"name":"level","value":"0"},{"name":"title","value":"Automation test engineer"},{"name":"total_marks","value":"100"},{"name":"name","value":"First module"},{"name":"mod_marks","value":"34"},{"name":"module_name","value":"Module one"},{"name":"desc","value":"First module"},{"name":"less_name","value":"Lesson one"},{"name":"less_desc","value":"Lesson one"}],"start":1711455878446,"stop":1711456145329}